[2020.06.25 22:41:11] INFO: "GET /bboard/add/ HTTP/1.1" 200 7568
[2020.06.25 22:41:12] INFO: "GET /bboard/3/ HTTP/1.1" 200 3195
[2020.06.25 22:41:14] INFO: "GET /bboard/add/ HTTP/1.1" 200 7568
[2020.06.25 22:41:15] INFO: "GET /bboard/4/ HTTP/1.1" 200 3142
[2020.06.25 22:41:16] INFO: "GET /bboard/2/ HTTP/1.1" 200 3860
[2020.06.25 22:41:17] INFO: "GET /bboard/3/ HTTP/1.1" 200 3195
[2020.06.25 22:41:30] INFO: "GET /accounts/logout/ HTTP/1.1" 302 0
[2020.06.25 22:41:30] INFO: "GET /bboard/ HTTP/1.1" 200 5054
[2020.06.25 22:41:33] INFO: "GET /bboard/3/ HTTP/1.1" 200 3214
[2020.06.25 22:41:34] INFO: "GET /bboard/6/ HTTP/1.1" 200 2818
[2020.06.25 22:41:34] INFO: "GET /bboard/1/ HTTP/1.1" 200 2842
[2020.06.25 22:41:35] INFO: "GET /bboard/4/ HTTP/1.1" 200 3161
[2020.06.25 22:41:35] INFO: "GET /bboard/2/ HTTP/1.1" 200 3879
[2020.06.25 22:41:39] INFO: "GET /bboard/add/ HTTP/1.1" 302 0
[2020.06.25 22:41:39] INFO: "GET /accounts/login/?next=/bboard/add/ HTTP/1.1" 200 3055
[2020.06.25 22:41:41] INFO: "POST /accounts/login/?next=/bboard/add/ HTTP/1.1" 302 0
[2020.06.25 22:41:41] INFO: "GET /bboard/add/ HTTP/1.1" 200 7568
[2020.06.25 22:41:42] INFO: "GET /bboard/ HTTP/1.1" 200 5035
[2020.06.25 22:51:54] INFO: "GET /bboard/ HTTP/1.1" 200 5035
[2020.06.25 22:52:31] INFO: "GET /bboard/ HTTP/1.1" 200 5035
[2020.06.25 22:52:34] INFO: "GET /bboard/ HTTP/1.1" 200 5035
[2020.06.25 22:52:34] INFO: "GET /static/bboard/style.css HTTP/1.1" 200 1710
[2020.06.25 22:52:34] INFO: "GET /static/bboard/script.js HTTP/1.1" 200 1250
[2020.06.25 22:52:34] INFO: "GET /static/bboard/vk_log_20.png HTTP/1.1" 200 18970
[2020.06.25 22:52:34] INFO: "GET /static/bboard/bg_v2.jpg HTTP/1.1" 200 42548
[2020.06.25 22:52:34] INFO: "GET /media/thumbnails/1592940529.11345.jpg.96x96_q85_crop-scale.jpg HTTP/1.1" 200 1693
[2020.06.25 22:52:34] INFO: "GET /media/thumbnails/1591848293.846682.jpg.96x96_q85_crop-scale.jpg HTTP/1.1" 200 3177
[2020.06.25 22:52:34] INFO: "GET /media/thumbnails/1591650003.906228.png.96x96_q85_crop-scale.jpg HTTP/1.1" 200 28173
[2020.06.25 22:52:35] WARNING: "GET /favicon.ico HTTP/1.1" 404 4356
[2020.06.25 22:52:40] INFO: "GET /bboard/ HTTP/1.1" 200 5035
[2020.06.25 22:52:40] INFO: "GET /static/bboard/style.css HTTP/1.1" 304 0
[2020.06.25 22:52:41] INFO: "GET /bboard/ HTTP/1.1" 200 5035
[2020.06.25 22:52:41] INFO: "GET /static/bboard/style.css HTTP/1.1" 200 1710
[2020.06.25 22:52:41] INFO: "GET /static/bboard/script.js HTTP/1.1" 200 1250
[2020.06.25 22:52:41] INFO: "GET /static/bboard/vk_log_20.png HTTP/1.1" 200 18970
[2020.06.25 22:52:41] INFO: "GET /static/bboard/bg_v2.jpg HTTP/1.1" 200 42548
[2020.06.25 22:52:41] INFO: "GET /media/thumbnails/1592940529.11345.jpg.96x96_q85_crop-scale.jpg HTTP/1.1" 200 1693
[2020.06.25 22:52:41] INFO: "GET /media/thumbnails/1591848293.846682.jpg.96x96_q85_crop-scale.jpg HTTP/1.1" 200 3177
[2020.06.25 22:52:41] INFO: "GET /media/thumbnails/1591650003.906228.png.96x96_q85_crop-scale.jpg HTTP/1.1" 200 28173
[2020.06.25 22:52:43] WARNING: "GET /favicon.ico HTTP/1.1" 404 4356
[2020.06.25 22:53:00] INFO: "GET /bboard/ HTTP/1.1" 200 5035
[2020.06.25 22:53:00] INFO: "GET /static/bboard/style.css HTTP/1.1" 200 1704
[2020.06.25 22:53:04] INFO: "GET /bboard/ HTTP/1.1" 200 5035
[2020.06.25 22:53:04] INFO: "GET /static/bboard/style.css HTTP/1.1" 200 1704
[2020.06.25 22:53:04] INFO: "GET /static/bboard/script.js HTTP/1.1" 200 1250
[2020.06.25 22:53:04] INFO: "GET /static/bboard/vk_log_20.png HTTP/1.1" 200 18970
[2020.06.25 22:53:04] INFO: "GET /static/bboard/bg_v2.jpg HTTP/1.1" 200 42548
[2020.06.25 22:53:04] INFO: "GET /media/thumbnails/1592940529.11345.jpg.96x96_q85_crop-scale.jpg HTTP/1.1" 200 1693
[2020.06.25 22:53:04] INFO: "GET /media/thumbnails/1591848293.846682.jpg.96x96_q85_crop-scale.jpg HTTP/1.1" 200 3177
[2020.06.25 22:53:04] INFO: "GET /media/thumbnails/1591650003.906228.png.96x96_q85_crop-scale.jpg HTTP/1.1" 200 28173
[2020.06.25 22:53:05] WARNING: "GET /favicon.ico HTTP/1.1" 404 4356
[2020.06.25 22:53:21] INFO: "GET /bboard/ HTTP/1.1" 200 5035
[2020.06.25 22:53:22] INFO: "GET /static/bboard/style.css HTTP/1.1" 200 1688
[2020.06.25 22:53:33] INFO: "GET /bboard/ HTTP/1.1" 200 5035
[2020.06.25 22:53:33] INFO: "GET /static/bboard/style.css HTTP/1.1" 200 1704
